0 0 0 10 1 0 0
0.03003 0.03003 0 9.99549 1 0 -0.3003
0.0600601 0.0600601 0 9.98196 1 0 -0.600601
0.0900901 0.0900901 0 9.95942 1 0 -0.900901
0.12012 0.12012 0 9.92786 1 0 -1.2012
0.15015 0.15015 0 9.88727 1 0 -1.5015
0.18018 0.18018 0 9.83768 1 0 -1.8018
0.21021 0.21021 0 9.77906 1 0 -2.1021
0.24024 0.24024 0 9.71142 1 0 -2.4024
0.27027 0.27027 0 9.63477 1 0 -2.7027
0.3003 0.3003 0 9.5491 1 0 -3.003
0.33033 0.33033 0 9.45441 1 0 -3.3033
0.36036 0.36036 0 9.3507 1 0 -3.6036
0.39039 0.39039 0 9.23798 1 0 -3.9039
0.42042 0.42042 0 9.11623 1 0 -4.2042
0.45045 0.45045 0 8.98547 1 0 -4.5045
0.48048 0.48048 0 8.84569 1 0 -4.8048
0.510511 0.510511 0 8.6969 1 0 -5.10511
0.540541 0.540541 0 8.53908 1 0 -5.40541
0.570571 0.570571 0 8.37225 1 0 -5.70571
0.600601 0.600601 0 8.19639 1 0 -6.00601
0.630631 0.630631 0 8.01153 1 0 -6.30631
0.660661 0.660661 0 7.81764 1 0 -6.60661
0.690691 0.690691 0 7.61473 1 0 -6.90691
0.720721 0.720721 0 7.40281 1 0 -7.20721
0.750751 0.750751 0 7.18187 1 0 -7.50751
0.780781 0.780781 0 6.95191 1 0 -7.80781
0.810811 0.810811 0 6.71293 1 0 -8.10811
0.840841 0.840841 0 6.46493 1 0 -8.40841
0.870871 0.870871 0 6.20792 1 0 -8.70871
0.900901 0.900901 0 5.94189 1 0 -9.00901
0.930931 0.930931 0 5.66684 1 0 -9.3093
0.960961 0.960961 0 5.38277 1 0 -9.6096
0.990991 0.990991 0 5.08969 1 0 -9.9099
1.02102 1.02102 0 4.78758 1 0 -10.2102
1.05105 1.05105 0 4.47646 1 0 -10.5105
1.08108 1.08108 0 4.15632 1 0 -10.8107
1.11111 1.11111 0 3.82717 1 0 -11.111
1.14114 1.14114 0 3.489 1 0 -11.4111
1.17117 1.17117 0 3.14181 1 0 -11.7112
1.2012 1.2012 0 2.78563 1 0 -12.0109
1.23123 1.23123 0 2.42044 1 0 -12.3101
1.26126 1.26126 0 2.04629 1 0 -12.6079
1.29129 1.29129 0 1.66324 1 0 -12.9028
1.32132 1.32132 0 1.27142 1 0 -13.1908
1.35135 1.35135 0 0.871157 1 0 -13.4627
1.38138 1.38138 0 0.463218 1 0 -13.6966
1.41141 1.41141 0 0.0494332 1 0 -13.8388
1.44144 1.44144 0 -0.365779 1 0 -13.7596
1.47147 1.47147 0 -0.771824 1 0 -13.1551
1.5015 1.5015 0 -1.14437 1 0 -11.3869
1.53153 1.53153 0 -1.43416 1 0 -7.47759
1.56156 1.56156 0 -1.56728 1 0 -1.0392
1.59159 1.59159 0 -1.48898 1 0 6.11708
1.62162 1.62162 0 -1.2203 1 0 11.3286
1.65165 1.65165 0 -0.834334 1 0 14.0178
1.68168 1.68168 0 -0.394585 1 0 15.0812
1.71171 1.71171 0 0.0637184 1 0 15.3583
1.74174 1.74174 0 0.524528 1 0 15.2968
1.77177 1.77177 0 0.981077 1 0 15.0951
1.8018 1.8018 0 1.43058 1 0 14.8358
1.83183 1.83183 0 1.87189 1 0 14.5528
1.86186 1.86186 0 2.30452 1 0 14.2599
1.89189 1.89189 0 2.7283 1 0 13.9628
1.92192 1.92192 0 3.14311 1 0 13.6639
1.95195 1.95195 0 3.54894 1 0 13.3642
1.98198 1.98198 0 3.94577 1 0 13.0642
2.01201 2.01201 0 4.33358 1 0 12.764
2.04204 2.04204 0 4.71238 1 0 12.4638
2.07207 2.07207 0 5.08216 1 0 12.1635
2.1021 2.1021 0 5.44292 1 0 11.8632
2.13213 2.13213 0 5.79466 1 0 11.5629
2.16216 2.16216 0 6.13739 1 0 11.2627
2.19219 2.19219 0 6.4711 1 0 10.9624
2.22222 2.22222 0 6.79579 1 0 10.6621
2.25225 2.25225 0 7.11146 1 0 10.3618
2.28228 2.28228 0 7.41812 1 0 10.0615
2.31231 2.31231 0 7.71575 1 0 9.76115
2.34234 2.34234 0 8.00437 1 0 9.46085
2.37237 2.37237 0 8.28397 1 0 9.16055
2.4024 2.4024 0 8.55455 1 0 8.86025
2.43243 2.43243 0 8.81612 1 0 8.55995
2.46246 2.46246 0 9.06867 1 0 8.25965
2.49249 2.49249 0 9.31219 1 0 7.95935
2.52252 2.52252 0 9.54671 1 0 7.65905
2.55255 2.55255 0 9.7722 1 0 7.35875
2.58258 2.58258 0 9.98867 1 0 7.05845
2.61261 2.61261 0 10.1961 1 0 6.75815
2.64264 2.64264 0 10.3946 1 0 6.45785
2.67267 2.67267 0 10.584 1 0 6.15755
2.7027 2.7027 0 10.7644 1 0 5.85725
2.73273 2.73273 0 10.9358 1 0 5.55695
2.76276 2.76276 0 11.0981 1 0 5.25665
2.79279 2.79279 0 11.2515 1 0 4.95635
2.82282 2.82282 0 11.3958 1 0 4.65605
2.85285 2.85285 0 11.5311 1 0 4.35575
2.88288 2.88288 0 11.6574 1 0 4.05545
2.91291 2.91291 0 11.7747 1 0 3.75515
2.94294 2.94294 0 11.883 1 0 3.45485
2.97297 2.97297 0 11.9822 1 0 3.15455
3.003 3.003 0 12.0724 1 0 2.85425
3.03303 3.03303 0 12.1536 1 0 2.55394
3.06306 3.06306 0 12.2258 1 0 2.25364
3.09309 3.09309 0 12.289 1 0 1.95334
3.12312 3.12312 0 12.3431 1 0 1.65304
3.15315 3.15315 0 12.3883 1 0 1.35274
3.18318 3.18318 0 12.4244 1 0 1.05244
3.21321 3.21321 0 12.4515 1 0 0.752143
3.24324 3.24324 0 12.4695 1 0 0.451843
3.27327 3.27327 0 12.4786 1 0 0.151543
3.3033 3.3033 0 12.4787 1 0 -0.148758
3.33333 3.33333 0 12.4697 1 0 -0.449058
3.36336 3.36336 0 12.4517 1 0 -0.749358
3.39339 3.39339 0 12.4247 1 0 -1.04966
3.42342 3.42342 0 12.3886 1 0 -1.34996
3.45345 3.45345 0 12.3436 1 0 -1.65026
3.48348 3.48348 0 12.2895 1 0 -1.95056
3.51351 3.51351 0 12.2264 1 0 -2.25086
3.54354 3.54354 0 12.1543 1 0 -2.55116
3.57357 3.57357 0 12.0732 1 0 -2.85146
3.6036 3.6036 0 11.9831 1 0 -3.15176
3.63363 3.63363 0 11.8839 1 0 -3.45206
3.66366 3.66366 0 11.7757 1 0 -3.75236
3.69369 3.69369 0 11.6586 1 0 -4.05266
3.72372 3.72372 0 11.5323 1 0 -4.35296
3.75375 3.75375 0 11.3971 1 0 -4.65326
3.78378 3.78378 0 11.2529 1 0 -4.95356
3.81381 3.81381 0 11.0996 1 0 -5.25386
3.84384 3.84384 0 10.9373 1 0 -5.55416
3.87387 3.87387 0 10.766 1 0 -5.85446
3.9039 3.9039 0 10.5857 1 0 -6.15476
3.93393 3.93393 0 10.3964 1 0 -6.45506
3.96396 3.96396 0 10.198 1 0 -6.75536
3.99399 3.99399 0 9.99064 1 0 -7.05566
4.02402 4.02402 0 9.77425 1 0 -7.35596
4.05405 4.05405 0 9.54884 1 0 -7.65627
4.08408 4.08408 0 9.31441 1 0 -7.95657
4.11411 4.11411 0 9.07097 1 0 -8.25687
4.14414 4.14414 0 8.8185 1 0 -8.55717
4.17417 4.17417 0 8.55702 1 0 -8.85747
4.2042 4.2042 0 8.28652 1 0 -9.15777
4.23423 4.23423 0 8.00701 1 0 -9.45807
4.26426 4.26426 0 7.71847 1 0 -9.75837
4.29429 4.29429 0 7.42092 1 0 -10.0587
4.32432 4.32432 0 7.11435 1 0 -10.359
4.35435 4.35435 0 6.79876 1 0 -10.6593
4.38438 4.38438 0 6.47415 1 0 -10.9596
4.41441 4.41441 0 6.14053 1 0 -11.2599
4.44444 4.44444 0 5.79788 1 0 -11.5602
4.47447 4.47447 0 5.44622 1 0 -11.8605
4.5045 4.5045 0 5.08554 1 0 -12.1608
4.53453 4.53453 0 4.71585 1 0 -12.461
4.56456 4.56456 0 4.33713 1 0 -12.7613
4.59459 4.59459 0 3.9494 1 0 -13.0615
4.62462 4.62462 0 3.55266 1 0 -13.3617
4.65465 4.65465 0 3.1469 1 0 -13.6617
4.68468 4.68468 0 2.73214 1 0 -13.9613
4.71471 4.71471 0 2.30839 1 0 -14.2601
4.74474 4.74474 0 1.87569 1 0 -14.5571
4.77477 4.77477 0 1.43414 1 0 -14.8495
4.8048 4.8048 0 0.983934 1 0 -15.1312
4.83483 4.83483 0 0.525609 1 0 -15.3866
4.86486 4.86486 0 0.0604532 1 0 -15.5762
4.89489 4.89489 0 -0.408284 1 0 -15.5998
4.92492 4.92492 0 -0.872406 1 0 -15.2064
4.95495 4.95495 0 -1.31173 1 0 -13.8103
4.98498 4.98498 0 -1.68097 1 0 -10.3224
5.01502 5.01502 0 -1.90051 1 0 -3.8048
5.04505 5.04505 0 -1.89224 1 0 4.33889
5.07508 5.07508 0 -1.6587 1 0 10.7101
5.10511 5.10511 0 -1.28002 1 0 14.0625
5.13514 5.13514 0 -0.834339 1 0 15.3863
5.16517 5.16517 0 -0.365354 1 0 15.7483
5.1952 5.1952 0 0.107622 1 0 15.7119
5.22523 5.22523 0 0.576764 1 0 15.5171
5.25526 5.25526 0 1.03897 1 0 15.2596
5.28529 5.28529 0 1.49301 1 0 14.977
5.31532 5.31532 0 1.93839 1 0 14.6842
5.34535 5.34535 0 2.3749 1 0 14.3871
5.37538 5.37538 0 2.80246 1 0 14.0882
5.40541 5.40541 0 3.22103 1 0 13.7885
5.43544 5.43544 0 3.6306 1 0 13.4885
5.46547 5.46547 0 4.03115 1 0 13.1883
5.4955 5.4955 0 4.42269 1 0 12.8881
5.52553 5.52553 0 4.80521 1 0 12.5878
5.55556 5.55556 0 5.17872 1 0 12.2875
5.58559 5.58559 0 5.5432 1 0 11.9872
5.61562 5.61562 0 5.89867 1 0 11.687
5.64565 5.64565 0 6.24512 1 0 11.3867
5.67568 5.67568 0 6.58255 1 0 11.0864
5.70571 5.70571 0 6.91097 1 0 10.7861
5.73574 5.73574 0 7.23037 1 0 10.4858
5.76577 5.76577 0 7.54074 1 0 10.1855
5.7958 5.7958 0 7.8421 1 0 9.88516
5.82583 5.82583 0 8.13445 1 0 9.58485
5.85586 5.85586 0 8.41777 1 0 9.28455
5.88589 5.88589 0 8.69208 1 0 8.98425
5.91592 5.91592 0 8.95737 1 0 8.68395
5.94595 5.94595 0 9.21364 1 0 8.38365
5.97598 5.97598 0 9.46089 1 0 8.08335
6.00601 6.00601 0 9.69912 1 0 7.78305
6.03604 6.03604 0 9.92834 1 0 7.48275
6.06607 6.06607 0 10.1485 1 0 7.18245
6.0961 6.0961 0 10.3597 1 0 6.88215
6.12613 6.12613 0 10.5619 1 0 6.58185
6.15616 6.15616 0 10.755 1 0 6.28155
6.18619 6.18619 0 10.9392 1 0 5.98125
6.21622 6.21622 0 11.1143 1 0 5.68095
6.24625 6.24625 0 11.2803 1 0 5.38065
6.27628 6.27628 0 11.4374 1 0 5.08035
6.30631 6.30631 0 11.5855 1 0 4.78005
6.33634 6.33634 0 11.7245 1 0 4.47975
6.36637 6.36637 0 11.8545 1 0 4.17945
6.3964 6.3964 0 11.9755 1 0 3.87915
6.42643 6.42643 0 12.0875 1 0 3.57885
6.45646 6.45646 0 12.1905 1 0 3.27855
6.48649 6.48649 0 12.2844 1 0 2.97825
6.51652 6.51652 0 12.3693 1 0 2.67795
6.54655 6.54655 0 12.4453 1 0 2.37765
6.57658 6.57658 0 12.5122 1 0 2.07735
6.60661 6.60661 0 12.57 1 0 1.77705
6.63664 6.63664 0 12.6189 1 0 1.47675
6.66667 6.66667 0 12.6587 1 0 1.17645
6.6967 6.6967 0 12.6895 1 0 0.876146
6.72673 6.72673 0 12.7113 1 0 0.575846
6.75676 6.75676 0 12.7241 1 0 0.275546
6.78679 6.78679 0 12.7279 1 0 -0.0247547
6.81682 6.81682 0 12.7226 1 0 -0.325055
6.84685 6.84685 0 12.7084 1 0 -0.625355
6.87688 6.87688 0 12.6851 1 0 -0.925656
6.90691 6.90691 0 12.6528 1 0 -1.22596
6.93694 6.93694 0 12.6114 1 0 -1.52626
6.96697 6.96697 0 12.5611 1 0 -1.82656
6.997 6.997 0 12.5017 1 0 -2.12686
7.02703 7.02703 0 12.4334 1 0 -2.42716
7.05706 7.05706 0 12.356 1 0 -2.72746
7.08709 7.08709 0 12.2696 1 0 -3.02776
7.11712 7.11712 0 12.1741 1 0 -3.32806
7.14715 7.14715 0 12.0697 1 0 -3.62836
7.17718 7.17718 0 11.9562 1 0 -3.92866
7.20721 7.20721 0 11.8337 1 0 -4.22896
7.23724 7.23724 0 11.7022 1 0 -4.52926
7.26727 7.26727 0 11.5617 1 0 -4.82956
7.2973 7.2973 0 11.4121 1 0 -5.12986
7.32733 7.32733 0 11.2536 1 0 -5.43016
7.35736 7.35736 0 11.086 1 0 -5.73046
7.38739 7.38739 0 10.9094 1 0 -6.03076
7.41742 7.41742 0 10.7238 1 0 -6.33106
7.44745 7.44745 0 10.5292 1 0 -6.63136
7.47748 7.47748 0 10.3255 1 0 -6.93166
7.50751 7.50751 0 10.1129 1 0 -7.23196
7.53754 7.53754 0 9.89117 1 0 -7.53226
7.56757 7.56757 0 9.66047 1 0 -7.83256
7.5976 7.5976 0 9.42075 1 0 -8.13286
7.62763 7.62763 0 9.17201 1 0 -8.43316
7.65766 7.65766 0 8.91425 1 0 -8.73346
7.68769 7.68769 0 8.64748 1 0 -9.03376
7.71772 7.71772 0 8.37168 1 0 -9.33406
7.74775 7.74775 0 8.08687 1 0 -9.63436
7.77778 7.77778 0 7.79304 1 0 -9.93466
7.80781 7.80781 0 7.49019 1 0 -10.235
7.83784 7.83784 0 7.17833 1 0 -10.5353
7.86787 7.86787 0 6.85745 1 0 -10.8356
7.8979 7.8979 0 6.52754 1 0 -11.1359
7.92793 7.92793 0 6.18862 1 0 -11.4362
7.95796 7.95796 0 5.84069 1 0 -11.7365
7.98799 7.98799 0 5.48373 1 0 -12.0368
8.01802 8.01802 0 5.11776 1 0 -12.337
8.04805 8.04805 0 4.74277 1 0 -12.6373
8.07808 8.07808 0 4.35876 1 0 -12.9376
8.10811 8.10811 0 3.96574 1 0 -13.2377
8.13814 8.13814 0 3.5637 1 0 -13.5378
8.16817 8.16817 0 3.15266 1 0 -13.8375
8.1982 8.1982 0 2.73263 1 0 -14.1365
8.22823 8.22823 0 2.30364 1 0 -14.4338
8.25826 8.25826 0 1.86577 1 0 -14.7273
8.28829 8.28829 0 1.41921 1 0 -15.0115
8.31832 8.31832 0 0.964393 1 0 -15.2737
8.34835 8.34835 0 0.502391 1 0 -15.4823
8.37838 8.37838 0 0.0358076 1 0 -15.5596
8.40841 8.40841 0 -0.428998 1 0 -15.3175
8.43844 8.43844 0 -0.876798 1 0 -14.3251
8.46847 8.46847 0 -1.27363 1 0 -11.7498
8.4985 8.4985 0 -1.55658 1 0 -6.63031
8.52853 8.52853 0 -1.64967 1 0 0.603749
8.55856 8.55856 0 -1.52626 1 0 7.27676
8.58859 8.58859 0 -1.23921 1 0 11.3895
8.61862 8.61862 0 -0.864789 1 0 13.2632
8.64865 8.64865 0 -0.454741 1 0 13.9112
8.67868 8.67868 0 -0.0346894 1 0 14.0068
8.70871 8.70871 0 0.384245 1 0 13.8706
8.73874 8.73874 0 0.797448 1 0 13.639
8.76877 8.76877 0 1.20302 1 0 13.3679
8.7988 8.7988 0 1.60016 1 0 13.0803
8.82883 8.82883 0 1.98855 1 0 12.7856
8.85886 8.85886 0 2.36804 1 0 12.4878
8.88889 8.88889 0 2.73856 1 0 12.1887
8.91892 8.91892 0 3.10008 1 0 11.8889
8.94895 8.94895 0 3.45261 1 0 11.5889
8.97898 8.97898 0 3.79611 1 0 11.2887
9.00901 9.00901 0 4.13061 1 0 10.9885
9.03904 9.03904 0 4.45608 1 0 10.6882
9.06907 9.06907 0 4.77254 1 0 10.388
9.0991 9.0991 0 5.07999 1 0 10.0877
9.12913 9.12913 0 5.37841 1 0 9.78738
9.15916 9.15916 0 5.66782 1 0 9.48708
9.18919 9.18919 0 5.94821 1 0 9.18679
9.21922 9.21922 0 6.21958 1 0 8.88649
9.24925 9.24925 0 6.48193 1 0 8.58619
9.27928 9.27928 0 6.73526 1 0 8.28589
9.30931 9.30931 0 6.97958 1 0 7.98559
9.33934 9.33934 0 7.21488 1 0 7.68529
9.36937 9.36937 0 7.44116 1 0 7.38499
9.3994 9.3994 0 7.65842 1 0 7.08469
9.42943 9.42943 0 7.86666 1 0 6.78439
9.45946 9.45946 0 8.06589 1 0 6.48409
9.48949 9.48949 0 8.2561 1 0 6.18379
9.51952 9.51952 0 8.43729 1 0 5.88349
9.54955 9.54955 0 8.60946 1 0 5.58318
9.57958 9.57958 0 8.77262 1 0 5.28288
9.60961 9.60961 0 8.92675 1 0 4.98258
9.63964 9.63964 0 9.07187 1 0 4.68228
9.66967 9.66967 0 9.20797 1 0 4.38198
9.6997 9.6997 0 9.33505 1 0 4.08168
9.72973 9.72973 0 9.45312 1 0 3.78138
9.75976 9.75976 0 9.56216 1 0 3.48108
9.78979 9.78979 0 9.66219 1 0 3.18078
9.81982 9.81982 0 9.7532 1 0 2.88048
9.84985 9.84985 0 9.83519 1 0 2.58018
9.87988 9.87988 0 9.90817 1 0 2.27988
9.90991 9.90991 0 9.97212 1 0 1.97958
9.93994 9.93994 0 10.0271 1 0 1.67928
9.96997 9.96997 0 10.073 1 0 1.37898
10 10 0 10.1099 1 0 1.07868
10.03 10.03 0 10.1378 1 0 0.77838
10.0601 10.0601 0 10.1566 1 0 0.47808
10.0901 10.0901 0 10.1665 1 0 0.177779
10.1201 10.1201 0 10.1673 1 0 -0.122521
10.1502 10.1502 0 10.1591 1 0 -0.422821
10.1802 10.1802 0 10.1419 1 0 -0.723121
10.2102 10.2102 0 10.1157 1 0 -1.02342
10.2402 10.2402 0 10.0804 1 0 -1.32372
10.2703 10.2703 0 10.0362 1 0 -1.62402
10.3003 10.3003 0 9.98291 1 0 -1.92432
10.3303 10.3303 0 9.92061 1 0 -2.22462
10.3604 10.3604 0 9.8493 1 0 -2.52492
10.3904 10.3904 0 9.76897 1 0 -2.82522
10.4204 10.4204 0 9.67961 1 0 -3.12552
10.4505 10.4505 0 9.58125 1 0 -3.42582
10.4805 10.4805 0 9.47386 1 0 -3.72612
10.5105 10.5105 0 9.35745 1 0 -4.02642
10.5405 10.5405 0 9.23203 1 0 -4.32672
10.5706 10.5706 0 9.09759 1 0 -4.62703
10.6006 10.6006 0 8.95413 1 0 -4.92733
10.6306 10.6306 0 8.80166 1 0 -5.22763
10.6607 10.6607 0 8.64016 1 0 -5.52793
10.6907 10.6907 0 8.46965 1 0 -5.82823
10.7207 10.7207 0 8.29012 1 0 -6.12853
10.7508 10.7508 0 8.10157 1 0 -6.42883
10.7808 10.7808 0 7.904 1 0 -6.72913
10.8108 10.8108 0 7.69742 1 0 -7.02943
10.8408 10.8408 0 7.48181 1 0 -7.32973
10.8709 10.8709 0 7.25719 1 0 -7.63003
10.9009 10.9009 0 7.02355 1 0 -7.93033
10.9309 10.9309 0 6.7809 1 0 -8.23063
10.961 10.961 0 6.52922 1 0 -8.53093
10.991 10.991 0 6.26853 1 0 -8.83123
11.021 11.021 0 5.99882 1 0 -9.13153
11.0511 11.0511 0 5.72009 1 0 -9.43183
11.0811 11.0811 0 5.43234 1 0 -9.73212
11.1111 11.1111 0 5.13558 1 0 -10.0324
11.1411 11.1411 0 4.82979 1 0 -10.3327
11.1712 11.1712 0 4.51499 1 0 -10.633
11.2012 11.2012 0 4.19118 1 0 -10.9333
11.2312 11.2312 0 3.85834 1 0 -11.2335
11.2613 11.2613 0 3.51649 1 0 -11.5337
11.2913 11.2913 0 3.16563 1 0 -11.8337
11.3213 11.3213 0 2.80576 1 0 -12.1334
11.3514 11.3514 0 2.43691 1 0 -12.4324
11.3814 11.3814 0 2.05909 1 0 -12.7299
11.4114 11.4114 0 1.67238 1 0 -13.0239
11.4414 11.4414 0 1.27695 1 0 -13.3098
11.4715 11.4715 0 0.873179 1 0 -13.5765
11.5015 11.5015 0 0.461994 1 0 -13.7971
11.5315 11.5315 0 0.045617 1 0 -13.9059
11.5616 11.5616 0 -0.370554 1 0 -13.7443
11.5916 11.5916 0 -0.773619 1 0 -12.9457
11.6216 11.6216 0 -1.13447 1 0 -10.7752
11.6517 11.6517 0 -1.39699 1 0 -6.25648
11.6817 11.6817 0 -1.48597 1 0 0.588764
11.7117 11.7117 0 -1.36132 1 0 7.4627
11.7417 11.7417 0 -1.06182 1 0 12.0316
11.7718 11.7718 0 -0.662692 1 0 14.2346
11.8018 11.8018 0 -0.220682 1 0 15.0467
11.8318 11.8318 0 0.234671 1 0 15.212
11.8619 11.8619 0 0.690276 1 0 15.1033
11.8919 11.8919 0 1.14068 1 0 14.8818
11.9219 11.9219 0 1.58363 1 0 14.6143
11.952 11.952 0 2.01823 1 0 14.3278
11.982 11.982 0 2.44408 1 0 14.0333
12.012 12.012 0 2.86103 1 0 13.7355
12.042 12.042 0 3.26902 1 0 13.4363
12.0721 12.0721 0 3.66802 1 0 13.1365
12.1021 12.1021 0 4.058 1 0 12.8365
12.1321 12.1321 0 4.43897 1 0 12.5363
12.1622 12.1622 0 4.81093 1 0 12.236
12.1922 12.1922 0 5.17387 1 0 11.9357
12.2222 12.2222 0 5.52779 1 0 11.6354
12.2523 12.2523 0 5.87269 1 0 11.3351
12.2823 12.2823 0 6.20858 1 0 11.0348
12.3123 12.3123 0 6.53545 1 0 10.7345
12.3423 12.3423 0 6.85329 1 0 10.4342
12.3724 12.3724 0 7.16213 1 0 10.1339
12.4024 12.4024 0 7.46194 1 0 9.83364
12.4324 12.4324 0 7.75273 1 0 9.53334
12.4625 12.4625 0 8.03451 1 0 9.23304
12.4925 12.4925 0 8.30727 1 0 8.93274
12.5225 12.5225 0 8.57101 1 0 8.63244
12.5526 12.5526 0 8.82574 1 0 8.33214
12.5826 12.5826 0 9.07144 1 0 8.03184
12.6126 12.6126 0 9.30813 1 0 7.73154
12.6426 12.6426 0 9.5358 1 0 7.43124
12.6727 12.6727 0 9.75445 1 0 7.13094
12.7027 12.7027 0 9.96408 1 0 6.83063
12.7327 12.7327 0 10.1647 1 0 6.53033
12.7628 12.7628 0 10.3563 1 0 6.23003
12.7928 12.7928 0 10.5389 1 0 5.92973
12.8228 12.8228 0 10.7124 1 0 5.62943
12.8529 12.8529 0 10.877 1 0 5.32913
12.8829 12.8829 0 11.0325 1 0 5.02883
12.9129 12.9129 0 11.179 1 0 4.72853
12.9429 12.9429 0 11.3165 1 0 4.42823
12.973 12.973 0 11.445 1 0 4.12793
13.003 13.003 0 11.5644 1 0 3.82763
13.033 13.033 0 11.6749 1 0 3.52733
13.0631 13.0631 0 11.7763 1 0 3.22703
13.0931 13.0931 0 11.8687 1 0 2.92673
13.1231 13.1231 0 11.9521 1 0 2.62643
13.1532 13.1532 0 12.0264 1 0 2.32613
13.1832 13.1832 0 12.0918 1 0 2.02583
13.2132 13.2132 0 12.1481 1 0 1.72553
13.2432 13.2432 0 12.1954 1 0 1.42523
13.2733 13.2733 0 12.2337 1 0 1.12493
13.3033 13.3033 0 12.263 1 0 0.824629
13.3333 13.3333 0 12.2832 1 0 0.524328
13.3634 13.3634 0 12.2945 1 0 0.224028
13.3934 13.3934 0 12.2967 1 0 -0.0762721
13.4234 13.4234 0 12.2899 1 0 -0.376572
13.4535 13.4535 0 12.2741 1 0 -0.676873
13.4835 13.4835 0 12.2492 1 0 -0.977173
13.5135 13.5135 0 12.2154 1 0 -1.27747
13.5435 13.5435 0 12.1725 1 0 -1.57777
13.5736 13.5736 0 12.1206 1 0 -1.87807
13.6036 13.6036 0 12.0597 1 0 -2.17837
13.6336 13.6336 0 11.9898 1 0 -2.47867
13.6637 13.6637 0 11.9108 1 0 -2.77897
13.6937 13.6937 0 11.8229 1 0 -3.07928
13.7237 13.7237 0 11.7259 1 0 -3.37958
13.7538 13.7538 0 11.6199 1 0 -3.67988
13.7838 13.7838 0 11.5049 1 0 -3.98018
13.8138 13.8138 0 11.3808 1 0 -4.28048
13.8438 13.8438 0 11.2478 1 0 -4.58078
13.8739 13.8739 0 11.1057 1 0 -4.88108
13.9039 13.9039 0 10.9546 1 0 -5.18138
13.9339 13.9339 0 10.7945 1 0 -5.48168
13.964 13.964 0 10.6254 1 0 -5.78198
13.994 13.994 0 10.4473 1 0 -6.08228
14.024 14.024 0 10.2601 1 0 -6.38258
14.0541 14.0541 0 10.0639 1 0 -6.68288
14.0841 14.0841 0 9.85872 1 0 -6.98318
14.1141 14.1141 0 9.64451 1 0 -7.28348
14.1441 14.1441 0 9.42128 1 0 -7.58378
14.1742 14.1742 0 9.18903 1 0 -7.88408
14.2042 14.2042 0 8.94776 1 0 -8.18438
14.2342 14.2342 0 8.69747 1 0 -8.48468
14.2643 14.2643 0 8.43817 1 0 -8.78498
14.2943 14.2943 0 8.16984 1 0 -9.08528
14.3243 14.3243 0 7.8925 1 0 -9.38558
14.3544 14.3544 0 7.60615 1 0 -9.68588
14.3844 14.3844 0 7.31077 1 0 -9.98618
14.4144 14.4144 0 7.00638 1 0 -10.2865
14.4444 14.4444 0 6.69296 1 0 -10.5868
14.4745 14.4745 0 6.37053 1 0 -10.8871
14.5045 14.5045 0 6.03908 1 0 -11.1874
14.5345 14.5345 0 5.69862 1 0 -11.4877
14.5646 14.5646 0 5.34913 1 0 -11.788
14.5946 14.5946 0 4.99063 1 0 -12.0883
14.6246 14.6246 0 4.62311 1 0 -12.3885
14.6547 14.6547 0 4.24657 1 0 -12.6888
14.6847 14.6847 0 3.86102 1 0 -12.989
14.7147 14.7147 0 3.46645 1 0 -13.2892
14.7447 14.7447 0 3.06287 1 0 -13.5892
14.7748 14.7748 0 2.65029 1 0 -13.8888
14.8048 14.8048 0 2.22872 1 0 -14.1875
14.8348 14.8348 0 1.79821 1 0 -14.4842
14.8649 14.8649 0 1.35885 1 0 -14.776
14.8949 14.8949 0 0.910872 1 0 -15.0562
14.9249 14.9249 0 0.45485 1 0 -15.3076
14.955 14.955 0 -0.00779513 1 0 -15.4863
14.985 14.985 0 -0.473461 1 0 -15.4804
15.015 15.015 0 -0.933009 1 0 -15.0089
15.045 15.045 0 -1.36393 1 0 -13.4216
15.0751 15.0751 0 -1.71631 1 0 -9.5567
15.1051 15.1051 0 -1.90601 1 0 -2.60781
15.1351 15.1351 0 -1.85965 1 0 5.58982
15.1652 15.1652 0 -1.59317 1 0 11.623
15.1952 15.1952 0 -1.19239 1 0 14.6452
15.2252 15.2252 0 -0.732287 1 0 15.7861
15.2553 15.2553 0 -0.252705 1 0 16.0656
15.2853 15.2853 0 0.229198 1 0 15.9942
15.3153 15.3153 0 0.706567 1 0 15.7848
15.3453 15.3453 0 1.17671 1 0 15.5211
15.3754 15.3754 0 1.63855 1 0 15.2358
15.4054 15.4054 0 2.09168 1 0 14.9417
15.4354 15.4354 0 2.53592 1 0 14.6441
15.4655 15.4655 0 2.97119 1 0 14.345
15.4955 15.4955 0 3.39747 1 0 14.0452
15.5255 15.5255 0 3.81475 1 0 13.7451
15.5556 15.5556 0 4.223 1 0 13.4449
15.5856 15.5856 0 4.62225 1 0 13.1447
15.6156 15.6156 0 5.01247 1 0 12.8444
15.6456 15.6456 0 5.39368 1 0 12.5441
15.6757 15.6757 0 5.76587 1 0 12.2438
15.7057 15.7057 0 6.12905 1 0 11.9435
15.7357 15.7357 0 6.4832 1 0 11.6432
15.7658 15.7658 0 6.82834 1 0 11.3429
15.7958 15.7958 0 7.16446 1 0 11.0426
15.8258 15.8258 0 7.49156 1 0 10.7423
15.8559 15.8559 0 7.80964 1 0 10.442
15.8859 15.8859 0 8.1187 1 0 10.1417
15.9159 15.9159 0 8.41875 1 0 9.84141
15.9459 15.9459 0 8.70978 1 0 9.54111
15.976 15.976 0 8.99179 1 0 9.24081
16.006 16.006 0 9.26478 1 0 8.94051
16.036 16.036 0 9.52876 1 0 8.64021
16.0661 16.0661 0 9.78371 1 0 8.33991
16.0961 16.0961 0 10.0297 1 0 8.03961
16.1261 16.1261 0 10.2666 1 0 7.73931
16.1562 16.1562 0 10.4945 1 0 7.439
16.1862 16.1862 0 10.7134 1 0 7.1387
16.2162 16.2162 0 10.9232 1 0 6.8384
16.2462 16.2462 0 11.1241 1 0 6.5381
16.2763 16.2763 0 11.3159 1 0 6.2378
16.3063 16.3063 0 11.4987 1 0 5.9375
16.3363 16.3363 0 11.6725 1 0 5.6372
16.3664 16.3664 0 11.8373 1 0 5.3369
16.3964 16.3964 0 11.993 1 0 5.0366
16.4264 16.4264 0 12.1398 1 0 4.7363
16.4565 16.4565 0 12.2775 1 0 4.436
16.4865 16.4865 0 12.4062 1 0 4.1357
16.5165 16.5165 0 12.5259 1 0 3.8354
16.5465 16.5465 0 12.6366 1 0 3.5351
16.5766 16.5766 0 12.7382 1 0 3.2348
16.6066 16.6066 0 12.8309 1 0 2.9345
16.6366 16.6366 0 12.9145 1 0 2.6342
16.6667 16.6667 0 12.9891 1 0 2.3339
16.6967 16.6967 0 13.0546 1 0 2.0336
16.7267 16.7267 0 13.1112 1 0 1.7333
16.7568 16.7568 0 13.1587 1 0 1.433
16.7868 16.7868 0 13.1973 1 0 1.1327
16.8168 16.8168 0 13.2268 1 0 0.832398
16.8468 16.8468 0 13.2473 1 0 0.532098
16.8769 16.8769 0 13.2587 1 0 0.231798
16.9069 16.9069 0 13.2612 1 0 -0.0685028
16.9369 16.9369 0 13.2546 1 0 -0.368803
16.967 16.967 0 13.239 1 0 -0.669103
16.997 16.997 0 13.2144 1 0 -0.969404
17.027 17.027 0 13.1808 1 0 -1.2697
17.0571 17.0571 0 13.1382 1 0 -1.57
17.0871 17.0871 0 13.0865 1 0 -1.8703
17.1171 17.1171 0 13.0258 1 0 -2.1706
17.1471 17.1471 0 12.9561 1 0 -2.47091
17.1772 17.1772 0 12.8774 1 0 -2.77121
17.2072 17.2072 0 12.7897 1 0 -3.07151
17.2372 17.2372 0 12.693 1 0 -3.37181
17.2673 17.2673 0 12.5872 1 0 -3.67211
17.2973 17.2973 0 12.4724 1 0 -3.97241
17.3273 17.3273 0 12.3486 1 0 -4.27271
17.3574 17.3574 0 12.2158 1 0 -4.57301
17.3874 17.3874 0 12.074 1 0 -4.87331
17.4174 17.4174 0 11.9231 1 0 -5.17361
17.4474 17.4474 0 11.7632 1 0 -5.47391
17.4775 17.4775 0 11.5943 1 0 -5.77421
17.5075 17.5075 0 11.4164 1 0 -6.07451
17.5375 17.5375 0 11.2295 1 0 -6.37481
17.5676 17.5676 0 11.0336 1 0 -6.67511
17.5976 17.5976 0 10.8286 1 0 -6.97541
17.6276 17.6276 0 10.6146 1 0 -7.27571
17.6577 17.6577 0 10.3916 1 0 -7.57601
17.6877 17.6877 0 10.1596 1 0 -7.87631
17.7177 17.7177 0 9.91857 1 0 -8.17661
17.7477 17.7477 0 9.66851 1 0 -8.47691
17.7778 17.7778 0 9.40944 1 0 -8.77721
17.8078 17.8078 0 9.14135 1 0 -9.07751
17.8378 17.8378 0 8.86425 1 0 -9.37781
17.8679 17.8679 0 8.57812 1 0 -9.67811
17.8979 17.8979 0 8.28298 1 0 -9.97841
17.9279 17.9279 0 7.97882 1 0 -10.2787
17.958 17.958 0 7.66564 1 0 -10.579
17.988 17.988 0 7.34344 1 0 -10.8793
18.018 18.018 0 7.01223 1 0 -11.1796
18.048 18.048 0 6.67199 1 0 -11.4799
18.0781 18.0781 0 6.32274 1 0 -11.7802
18.1081 18.1081 0 5.96447 1 0 -12.0805
18.1381 18.1381 0 5.59719 1 0 -12.3808
18.1682 18.1682 0 5.22088 1 0 -12.6811
18.1982 18.1982 0 4.83556 1 0 -12.9814
18.2282 18.2282 0 4.44122 1 0 -13.2816
18.2583 18.2583 0 4.03786 1 0 -13.5818
18.2883 18.2883 0 3.6255 1 0 -13.8819
18.3183 18.3183 0 3.20412 1 0 -14.1818
18.3483 18.3483 0 2.77374 1 0 -14.4811
18.3784 18.3784 0 2.33439 1 0 -14.7791
18.4084 18.4084 0 1.88614 1 0 -15.074
18.4384 18.4384 0 1.42912 1 0 -15.3617
18.4685 18.4685 0 0.963687 1 0 -15.6315
18.4985 18.4985 0 0.490713 1 0 -15.8575
18.5285 18.5285 0 0.0123504 1 0 -15.974
18.5586 18.5586 0 -0.466017 1 0 -15.817
18.5886 18.5886 0 -0.931098 1 0 -14.9941
18.6186 18.6186 0 -1.35188 1 0 -12.688
18.6486 18.6486 0 -1.66674 1 0 -7.77691
18.6787 18.6787 0 -1.79222 1 0 -0.311021
18.7087 18.7087 0 -1.68702 1 0 7.00377
18.7387 18.7387 0 -1.39941 1 0 11.6525
18.7688 18.7688 0 -1.01262 1 0 13.785
18.7988 18.7988 0 -0.585226 1 0 14.5276
18.8288 18.8288 0 -0.146126 1 0 14.6531
18.8589 18.8589 0 0.292371 1 0 14.5253
18.8889 18.8889 0 0.725271 1 0 14.2956
18.9189 18.9189 0 1.15056 1 0 14.0247
18.9489 18.9489 0 1.56743 1 0 13.7369
18.979 18.979 0 1.97554 1 0 13.442
19.009 19.009 0 2.37473 1 0 13.1442
19.039 19.039 0 2.76496 1 0 12.8449
19.0691 19.0691 0 3.14619 1 0 12.5452
19.0991 19.0991 0 3.51842 1 0 12.2451
19.1291 19.1291 0 3.88163 1 0 11.9449
19.1592 19.1592 0 4.23583 1 0 11.6447
19.1892 19.1892 0 4.58101 1 0 11.3444
19.2192 19.2192 0 4.91718 1 0 11.0441
19.2492 19.2492 0 5.24432 1 0 10.7438
19.2793 19.2793 0 5.56245 1 0 10.4435
19.3093 19.3093 0 5.87156 1 0 10.1432
19.3393 19.3393 0 6.17166 1 0 9.84293
19.3694 19.3694 0 6.46273 1 0 9.54263
19.3994 19.3994 0 6.74479 1 0 9.24233
19.4294 19.4294 0 7.01783 1 0 8.94203
19.4595 19.4595 0 7.28185 1 0 8.64173
19.4895 19.4895 0 7.53685 1 0 8.34143
19.5195 19.5195 0 7.78283 1 0 8.04113
19.5495 19.5495 0 8.0198 1 0 7.74083
19.5796 19.5796 0 8.24775 1 0 7.44053
19.6096 19.6096 0 8.46668 1 0 7.14023
19.6396 19.6396 0 8.67659 1 0 6.83993
19.6697 19.6697 0 8.87748 1 0 6.53963
19.6997 19.6997 0 9.06936 1 0 6.23933
19.7297 19.7297 0 9.25222 1 0 5.93903
19.7598 19.7598 0 9.42606 1 0 5.63873
19.7898 19.7898 0 9.59088 1 0 5.33843
19.8198 19.8198 0 9.74669 1 0 5.03813
19.8498 19.8498 0 9.89347 1 0 4.73783
19.8799 19.8799 0 10.0312 1 0 4.43753
19.9099 19.9099 0 10.16 1 0 4.13723
19.9399 19.9399 0 10.2797 1 0 3.83693
19.97 19.97 0 10.3904 1 0 3.53663
20 20 0 10.4921 1 0 3.23633
20.03 20.03 0 10.5848 1 0 2.93603
20.0601 20.0601 0 10.6685 1 0 2.63573
20.0901 20.0901 0 10.7431 1 0 2.33543
20.1201 20.1201 0 10.8087 1 0 2.03513
20.1502 20.1502 0 10.8653 1 0 1.73483
20.1802 20.1802 0 10.9129 1 0 1.43452
20.2102 20.2102 0 10.9515 1 0 1.13422
20.2402 20.2402 0 10.9811 1 0 0.833924
20.2703 20.2703 0 11.0016 1 0 0.533624
20.3003 20.3003 0 11.0131 1 0 0.233324
20.3303 20.3303 0 11.0156 1 0 -0.0669765
20.3604 20.3604 0 11.0091 1 0 -0.367277
20.3904 20.3904 0 10.9935 1 0 -0.667577
20.4204 20.4204 0 10.969 1 0 -0.967877
20.4505 20.4505 0 10.9354 1 0 -1.26818
20.4805 20.4805 0 10.8928 1 0 -1.56848
20.5105 20.5105 0 10.8412 1 0 -1.86878
20.5405 20.5405 0 10.7806 1 0 -2.16908
20.5706 20.5706 0 10.7109 1 0 -2.46938
20.6006 20.6006 0 10.6323 1 0 -2.76968
20.6306 20.6306 0 10.5446 1 0 -3.06998
20.6607 20.6607 0 10.4479 1 0 -3.37028
20.6907 20.6907 0 10.3422 1 0 -3.67058
20.7207 20.7207 0 10.2274 1 0 -3.97088
20.7508 20.7508 0 10.1037 1 0 -4.27118
20.7808 20.7808 0 9.9709 1 0 -4.57148
20.8108 20.8108 0 9.82911 1 0 -4.87178
20.8408 20.8408 0 9.6783 1 0 -5.17208
20.8709 20.8709 0 9.51847 1 0 -5.47238
20.9009 20.9009 0 9.34963 1 0 -5.77268
20.9309 20.9309 0 9.17177 1 0 -6.07298
20.961 20.961 0 8.98489 1 0 -6.37328
20.991 20.991 0 8.78899 1 0 -6.67358
21.021 21.021 0 8.58407 1 0 -6.97388
21.0511 21.0511 0 8.37014 1 0 -7.27418
21.0811 21.0811 0 8.14718 1 0 -7.57448
21.1111 21.1111 0 7.91521 1 0 -7.87478
21.1411 21.1411 0 7.67422 1 0 -8.17508
21.1712 21.1712 0 7.42422 1 0 -8.47538
21.2012 21.2012 0 7.16519 1 0 -8.77568
21.2312 21.2312 0 6.89715 1 0 -9.07599
21.2613 21.2613 0 6.62009 1 0 -9.37629
21.2913 21.2913 0 6.33401 1 0 -9.67658
21.3213 21.3213 0 6.03891 1 0 -9.97688
21.3514 21.3514 0 5.73479 1 0 -10.2772
21.3814 21.3814 0 5.42166 1 0 -10.5775
21.4114 21.4114 0 5.09951 1 0 -10.8778
21.4414 21.4414 0 4.76834 1 0 -11.1781
21.4715 21.4715 0 4.42816 1 0 -11.4783
21.5015 21.5015 0 4.07895 1 0 -11.7786
21.5315 21.5315 0 3.72073 1 0 -12.0787
21.5616 21.5616 0 3.3535 1 0 -12.3788
21.5916 21.5916 0 2.97727 1 0 -12.6784
21.6216 21.6216 0 2.59204 1 0 -12.9774
21.6517 21.6517 0 2.19787 1 0 -13.2745
21.6817 21.6817 0 1.79482 1 0 -13.5675
21.7117 21.7117 0 1.3831 1 0 -13.8506
21.7417 21.7417 0 0.963184 1 0 -14.1098
21.7718 21.7718 0 0.536231 1 0 -14.3108
21.8018 21.8018 0 0.105065 1 0 -14.3694
21.8318 21.8318 0 -0.323414 1 0 -14.082
21.8619 21.8619 0 -0.732793 1 0 -12.99
21.8919 21.8919 0 -1.08707 1 0 -10.2395
21.9219 21.9219 0 -1.32185 1 0 -4.95067
21.952 21.952 0 -1.3647 1 0 2.2142
21.982 21.982 0 -1.1976 1 0 8.55288
22.012 22.012 0 -0.877431 1 0 12.3395
22.042 22.042 0 -0.47765 1 0 14.0234
22.0721 22.0721 0 -0.0463041 1 0 14.5812
22.1021 22.1021 0 0.393175 1 0 14.636
22.1321 22.1321 0 0.830689 1 0 14.4811
22.1622 22.1622 0 1.26208 1 0 14.2405
22.1922 22.1922 0 1.68564 1 0 13.9651
22.2222 22.2222 0 2.10068 1 0 13.6752
22.2523 22.2523 0 2.50691 1 0 13.3793
22.2823 22.2823 0 2.90422 1 0 13.081
22.3123 22.3123 0 3.29254 1 0 12.7815
22.3423 22.3423 0 3.67187 1 0 12.4816
22.3724 22.3724 0 4.04219 1 0 12.1815
22.4024 22.4024 0 4.40349 1 0 11.8812
22.4324 22.4324 0 4.75578 1 0 11.581
22.4625 22.4625 0 5.09904 1 0 11.2807
22.4925 22.4925 0 5.43329 1 0 10.9804
22.5225 22.5225 0 5.75853 1 0 10.6801
22.5526 22.5526 0 6.07474 1 0 10.3798
22.5826 22.5826 0 6.38194 1 0 10.0795
22.6126 22.6126 0 6.68012 1 0 9.77921
22.6426 22.6426 0 6.96928 1 0 9.47891
22.6727 22.6727 0 7.24942 1 0 9.17861
22.7027 22.7027 0 7.52055 1 0 8.87831
22.7327 22.7327 0 7.78265 1 0 8.57801
22.7628 22.7628 0 8.03574 1 0 8.27771
22.7928 22.7928 0 8.27981 1 0 7.97741
22.8228 22.8228 0 8.51487 1 0 7.67711
22.8529 22.8529 0 8.7409 1 0 7.37681
22.8829 22.8829 0 8.95792 1 0 7.07651
22.9129 22.9129 0 9.16592 1 0 6.77621
22.9429 22.9429 0 9.3649 1 0 6.47591
22.973 22.973 0 9.55486 1 0 6.17561
23.003 23.003 0 9.7358 1 0 5.87531
23.033 23.033 0 9.90773 1 0 5.57501
23.0631 23.0631 0 10.0706 1 0 5.27471
23.0931 23.0931 0 10.2245 1 0 4.97441
23.1231 23.1231 0 10.3694 1 0 4.67411
23.1532 23.1532 0 10.5053 1 0 4.37381
23.1832 23.1832 0 10.6321 1 0 4.0735
23.2132 23.2132 0 10.7499 1 0 3.7732
23.2432 23.2432 0 10.8587 1 0 3.4729
23.2733 23.2733 0 10.9585 1 0 3.1726
23.3033 23.3033 0 11.0493 1 0 2.8723
23.3333 23.3333 0 11.131 1 0 2.572
23.3634 23.3634 0 11.2037 1 0 2.2717
23.3934 23.3934 0 11.2674 1 0 1.9714
23.4234 23.4234 0 11.3221 1 0 1.6711
23.4535 23.4535 0 11.3678 1 0 1.3708
23.4835 23.4835 0 11.4045 1 0 1.0705
23.5135 23.5135 0 11.4321 1 0 0.770201
23.5435 23.5435 0 11.4507 1 0 0.469901
23.5736 23.5736 0 11.4603 1 0 0.169601
23.6036 23.6036 0 11.4609 1 0 -0.130699
23.6336 23.6336 0 11.4525 1 0 -0.431
23.6637 23.6637 0 11.435 1 0 -0.7313
23.6937 23.6937 0 11.4086 1 0 -1.0316
23.7237 23.7237 0 11.3731 1 0 -1.3319
23.7538 23.7538 0 11.3286 1 0 -1.6322
23.7838 23.7838 0 11.275 1 0 -1.9325
23.8138 23.8138 0 11.2125 1 0 -2.2328
23.8438 23.8438 0 11.1409 1 0 -2.5331
23.8739 23.8739 0 11.0604 1 0 -2.8334
23.9039 23.9039 0 10.9708 1 0 -3.1337
23.9339 23.9339 0 10.8721 1 0 -3.434
23.964 23.964 0 10.7645 1 0 -3.7343
23.994 23.994 0 10.6479 1 0 -4.0346
24.024 24.024 0 10.5222 1 0 -4.3349
24.0541 24.0541 0 10.3875 1 0 -4.6352
24.0841 24.0841 0 10.2438 1 0 -4.9355
24.1141 24.1141 0 10.0911 1 0 -5.2358
24.1441 24.1441 0 9.92934 1 0 -5.5361
24.1742 24.1742 0 9.75859 1 0 -5.83641
24.2042 24.2042 0 9.57881 1 0 -6.13671
24.2342 24.2342 0 9.39001 1 0 -6.43701
24.2643 24.2643 0 9.1922 1 0 -6.73731
24.2943 24.2943 0 8.98537 1 0 -7.03761
24.3243 24.3243 0 8.76952 1 0 -7.33791
24.3544 24.3544 0 8.54466 1 0 -7.63821
24.3844 24.3844 0 8.31077 1 0 -7.93851
24.4144 24.4144 0 8.06787 1 0 -8.23881
24.4444 24.4444 0 7.81595 1 0 -8.53911
24.4745 24.4745 0 7.55501 1 0 -8.83941
24.5045 24.5045 0 7.28505 1 0 -9.13971
24.5345 24.5345 0 7.00608 1 0 -9.44001
24.5646 24.5646 0 6.71809 1 0 -9.74031
24.5946 24.5946 0 6.42107 1 0 -10.0406
24.6246 24.6246 0 6.11505 1 0 -10.3409
24.6547 24.6547 0 5.8 1 0 -10.6412
24.6847 24.6847 0 5.47593 1 0 -10.9415
24.7147 24.7147 0 5.14285 1 0 -11.2418
24.7447 24.7447 0 4.80075 1 0 -11.5421
24.7748 24.7748 0 4.44963 1 0 -11.8424
24.8048 24.8048 0 4.0895 1 0 -12.1426
24.8348 24.8348 0 3.72035 1 0 -12.4428
24.8649 24.8649 0 3.34218 1 0 -12.743
24.8949 24.8949 0 2.955 1 0 -13.0429
24.9249 24.9249 0 2.55883 1 0 -13.3425
24.955 24.955 0 2.15366 1 0 -13.6411
24.985 24.985 0 1.73956 1 0 -13.9375
25.015 25.015 0 1.31662 1 0 -14.229
25.045 25.045 0 0.885085 1 0 -14.5085
25.0751 25.0751 0 0.445527 1 0 -14.7587
25.1051 25.1051 0 -0.000612409 1 0 -14.9359
25.1351 25.1351 0 -0.449737 1 0 -14.9297
25.1652 25.1652 0 -0.892825 1 0 -14.466
25.1952 25.1952 0 -1.30791 1 0 -12.9187
25.2252 25.2252 0 -1.64677 1 0 -9.17844
25.2553 25.2553 0 -1.82841 1 0 -2.46052
25.2853 25.2853 0 -1.78089 1 0 5.54383
25.3153 25.3153 0 -1.51659 1 0 11.5483
25.3453 25.3453 0 -1.11732 1 0 14.6219
25.3754 25.3754 0 -0.657178 1 0 15.8089
25.4054 25.4054 0 -0.176482 1 0 16.1141
25.4354 25.4354 0 0.307086 1 0 16.0549
25.4655 25.4655 0 0.78637 1 0 15.8509
25.4955 25.4955 0 1.25854 1 0 15.5895
25.5255 25.5255 0 1.72246 1 0 15.3052
25.5556 25.5556 0 2.17768 1 0 15.0116
25.5856 25.5856 0 2.62401 1 0 14.7141
25.6156 25.6156 0 3.06139 1 0 14.415
25.6456 25.6456 0 3.48978 1 0 14.1153
25.6757 25.6757 0 3.90915 1 0 13.8152
25.7057 25.7057 0 4.31952 1 0 13.515
25.7357 25.7357 0 4.72087 1 0 13.2148
25.7658 25.7658 0 5.1132 1 0 12.9145
25.7958 25.7958 0 5.49651 1 0 12.6142
25.8258 25.8258 0 5.87081 1 0 12.3139
25.8559 25.8559 0 6.23609 1 0 12.0136
25.8859 25.8859 0 6.59235 1 0 11.7133
25.9159 25.9159 0 6.93959 1 0 11.413
25.9459 25.9459 0 7.27781 1 0 11.1127
25.976 25.976 0 7.60702 1 0 10.8124
26.006 26.006 0 7.92721 1 0 10.5121
26.036 26.036 0 8.23838 1 0 10.2118
26.0661 26.0661 0 8.54053 1 0 9.91152
26.0961 26.0961 0 8.83366 1 0 9.61122
26.1261 26.1261 0 9.11778 1 0 9.31092
26.1562 26.1562 0 9.39288 1 0 9.01062
26.1862 26.1862 0 9.65896 1 0 8.71031
26.2162 26.2162 0 9.91602 1 0 8.41001
26.2462 26.2462 0 10.1641 1 0 8.10971
26.2763 26.2763 0 10.4031 1 0 7.80941
26.3063 26.3063 0 10.6331 1 0 7.50911
26.3363 26.3363 0 10.8541 1 0 7.20881
26.3664 26.3664 0 11.0661 1 0 6.90851
26.3964 26.3964 0 11.269 1 0 6.60821
26.4264 26.4264 0 11.4629 1 0 6.30791
26.4565 26.4565 0 11.6479 1 0 6.00761
26.4865 26.4865 0 11.8238 1 0 5.70731
26.5165 26.5165 0 11.9906 1 0 5.40701
26.5465 26.5465 0 12.1485 1 0 5.10671
26.5766 26.5766 0 12.2974 1 0 4.80641
26.6066 26.6066 0 12.4372 1 0 4.50611
26.6366 26.6366 0 12.568 1 0 4.20581
26.6667 26.6667 0 12.6898 1 0 3.90551
26.6967 26.6967 0 12.8026 1 0 3.60521
26.7267 26.7267 0 12.9063 1 0 3.30491
26.7568 26.7568 0 13.0011 1 0 3.00461
26.7868 26.7868 0 13.0868 1 0 2.70431
26.8168 26.8168 0 13.1635 1 0 2.40401
26.8468 26.8468 0 13.2312 1 0 2.10371
26.8769 26.8769 0 13.2898 1 0 1.80341
26.9069 26.9069 0 13.3395 1 0 1.50311
26.9369 26.9369 0 13.3801 1 0 1.20281
26.967 26.967 0 13.4117 1 0 0.902507
26.997 26.997 0 13.4343 1 0 0.602207
27.027 27.027 0 13.4479 1 0 0.301906
27.0571 27.0571 0 13.4524 1 0 0.00160606
27.0871 27.0871 0 13.448 1 0 -0.298694
27.1171 27.1171 0 13.4345 1 0 -0.598995
27.1471 27.1471 0 13.412 1 0 -0.899295
27.1772 27.1772 0 13.3805 1 0 -1.1996
27.2072 27.2072 0 13.34 1 0 -1.4999
27.2372 27.2372 0 13.2904 1 0 -1.8002
27.2673 27.2673 0 13.2318 1 0 -2.1005
27.2973 27.2973 0 13.1642 1 0 -2.4008
27.3273 27.3273 0 13.0876 1 0 -2.7011
27.3574 27.3574 0 13.002 1 0 -3.0014
27.3874 27.3874 0 12.9074 1 0 -3.3017
27.4174 27.4174 0 12.8037 1 0 -3.602
27.4474 27.4474 0 12.691 1 0 -3.9023
27.4775 27.4775 0 12.5693 1 0 -4.2026
27.5075 27.5075 0 12.4386 1 0 -4.5029
27.5375 27.5375 0 12.2989 1 0 -4.8032
27.5676 27.5676 0 12.1502 1 0 -5.1035
27.5976 27.5976 0 11.9924 1 0 -5.4038
27.6276 27.6276 0 11.8256 1 0 -5.7041
27.6577 27.6577 0 11.6498 1 0 -6.0044
27.6877 27.6877 0 11.465 1 0 -6.3047
27.7177 27.7177 0 11.2711 1 0 -6.605
27.7477 27.7477 0 11.0683 1 0 -6.9053
27.7778 27.7778 0 10.8564 1 0 -7.2056
27.8078 27.8078 0 10.6355 1 0 -7.5059
27.8378 27.8378 0 10.4056 1 0 -7.8062
27.8679 27.8679 0 10.1667 1 0 -8.1065
27.8979 27.8979 0 9.91872 1 0 -8.4068
27.9279 27.9279 0 9.66175 1 0 -8.7071
27.958 27.958 0 9.39577 1 0 -9.0074
27.988 27.988 0 9.12077 1 0 -9.3077
28.018 28.018 0 8.83675 1 0 -9.608
28.048 28.048 0 8.54371 1 0 -9.9083
28.0781 28.0781 0 8.24166 1 0 -10.2086
28.1081 28.1081 0 7.93058 1 0 -10.5089
28.1381 28.1381 0 7.61049 1 0 -10.8092
28.1682 28.1682 0 7.28138 1 0 -11.1095
28.1982 28.1982 0 6.94325 1 0 -11.4098
28.2282 28.2282 0 6.59611 1 0 -11.7101
28.2583 28.2583 0 6.23994 1 0 -12.0104
28.2883 28.2883 0 5.87476 1 0 -12.3107
28.3183 28.3183 0 5.50056 1 0 -12.611
28.3483 28.3483 0 5.11735 1 0 -12.9113
28.3784 28.3784 0 4.72511 1 0 -13.2116
28.4084 28.4084 0 4.32386 1 0 -13.5118
28.4384 28.4384 0 3.91359 1 0 -13.812
28.4685 28.4685 0 3.49431 1 0 -14.1121
28.4985 28.4985 0 3.06602 1 0 -14.412
28.5285 28.5285 0 2.62873 1 0 -14.7113
28.5586 28.5586 0 2.18247 1 0 -15.0092
28.5886 28.5886 0 1.7273 1 0 -15.304
28.6186 28.6186 0 1.26339 1 0 -15.591
28.6486 28.6486 0 0.791092 1 0 -15.8589
28.6787 28.6787 0 0.311368 1 0 -16.0785
28.7087 28.7087 0 -0.173389 1 0 -16.1752
28.7387 28.7387 0 -0.657057 1 0 -15.9579
28.7688 28.7688 0 -1.12421 1 0 -14.9622
28.7988 28.7988 0 -1.53843 1 0 -12.2255
28.8288 28.8288 0 -1.82848 1 0 -6.54535
28.8589 28.8589 0 -1.90568 1 0 1.58817
28.8889 28.8889 0 -1.74219 1 0 8.86805
28.9189 28.9189 0 -1.40489 1 0 13.0838
28.9489 28.9489 0 -0.980834 1 0 14.8648
28.979 28.979 0 -0.524181 1 0 15.4192
29.009 29.009 0 -0.0597878 1 0 15.4576
29.039 29.039 0 0.402212 1 0 15.2913
29.0691 29.0691 0 0.85783 1 0 15.0448
29.0991 29.0991 0 1.30549 1 0 14.7665
29.1291 29.1291 0 1.74458 1 0 14.4753
29.1592 29.1592 0 2.17483 1 0 14.179
29.1892 29.1892 0 2.59615 1 0 13.8804
29.2192 29.2192 0 3.00848 1 0 13.5808
29.2492 29.2492 0 3.41181 1 0 13.2809
29.2793 29.2793 0 3.80613 1 0 12.9807
29.3093 29.3093 0 4.19143 1 0 12.6805
29.3393 29.3393 0 4.56772 1 0 12.3802
29.3694 29.3694 0 4.93499 1 0 12.08
29.3994 29.3994 0 5.29324 1 0 11.7797
29.4294 29.4294 0 5.64247 1 0 11.4794
29.4595 29.4595 0 5.98269 1 0 11.1791
29.4895 29.4895 0 6.31389 1 0 10.8788
29.5195 29.5195 0 6.63607 1 0 10.5785
29.5495 29.5495 0 6.94923 1 0 10.2782
29.5796 29.5796 0 7.25338 1 0 9.97787
29.6096 29.6096 0 7.5485 1 0 9.67757
29.6396 29.6396 0 7.83461 1 0 9.37727
29.6697 29.6697 0 8.1117 1 0 9.07697
29.6997 29.6997 0 8.37978 1 0 8.77667
29.7297 29.7297 0 8.63883 1 0 8.47637
29.7598 29.7598 0 8.88887 1 0 8.17607
29.7898 29.7898 0 9.12989 1 0 7.87577
29.8198 29.8198 0 9.36189 1 0 7.57547
29.8498 29.8498 0 9.58487 1 0 7.27516
29.8799 29.8799 0 9.79883 1 0 6.97486
29.9099 29.9099 0 10.0038 1 0 6.67456
29.9399 29.9399 0 10.1997 1 0 6.37426
29.97 29.97 0 10.3866 1 0 6.07396
30 30 0 10.5645 1 0 5.77366
