0 100
1 100
2 100
3 100
4 100
5 100
6 99
7 98
8 98
9 98
10 97
11 97
12 97
13 97
14 97
15 97
16 97
17 97
18 97
19 96
20 96
21 96
22 96
23 96
24 96
25 96
26 96
27 95
28 95
29 95
30 95
31 94
32 93
33 92
34 91
35 90
36 90
37 90
38 89
39 89
40 89
41 89
42 88
43 86
44 85
45 85
46 85
47 85
48 85
49 85
50 85
51 84
52 84
53 84
54 83
55 83
56 83
57 83
58 83
59 83
60 82
61 81
62 81
63 81
64 80
65 80
66 80
67 80
68 80
69 80
70 79
71 79
72 79
73 79
74 79
75 78
76 77
77 77
78 77
79 77
80 75
81 75
82 75
83 75
84 75
85 74
86 73
87 73
88 72
89 72
90 72
91 71
92 71
93 71
94 70
95 70
96 69
97 69
98 69
99 69
100 69
101 69
102 69
103 69
104 68
105 68
106 67
107 67
108 67
109 67
110 67
111 66
112 66
113 65
114 64
115 64
116 62
117 61
118 61
119 61
120 61
121 61
122 61
123 61
124 61
125 61
126 60
127 60
128 60
129 58
130 57
131 57
132 57
133 56
134 56
135 56
136 55
137 54
138 54
139 53
140 53
141 53
142 53
143 53
144 52
145 52
146 52
147 52
148 52
149 51
150 50
151 50
152 50
153 50
154 50
155 49
156 48
157 47
158 47
159 47
160 47
161 46
162 46
163 45
164 44
165 44
166 44
167 44
168 44
169 43
170 43
171 43
172 43
173 43
174 42
175 42
176 42
177 42
178 41
179 40
180 40
181 40
182 40
183 40
184 40
185 39
186 39
187 39
188 39
189 39
190 39
191 38
192 37
193 37
194 37
195 37
196 37
197 36
198 36
199 36
200 34
201 34
202 33
203 32
204 32
205 32
206 32
207 32
208 31
209 30
210 30
211 30
212 30
213 30
214 30
215 30
216 30
217 30
218 30
219 30
220 30
221 30
222 30
223 30
224 29
225 29
226 28
227 28
228 28
229 28
230 27
231 26
232 26
233 26
234 26
235 26
236 26
237 26
238 26
239 26
240 26
241 26
242 26
243 26
244 26
245 26
246 26
247 26
248 26
249 26
250 26
251 26
252 26
253 26
254 26
255 26
256 26
257 26
258 25
259 25
260 25
261 24
262 23
263 23
264 23
265 22
266 22
267 22
268 22
269 22
270 22
271 22
272 21
273 21
274 20
275 19
276 19
277 19
278 19
279 19
280 19
281 19
282 19
283 19
284 19
285 19
286 18
287 17
288 16
289 16
290 16
291 16
292 16
293 16
294 16
295 16
296 15
297 15
298 15
299 14
300 13
301 13
302 13
303 13
304 13
305 13
306 13
307 13
308 13
309 13
310 13
311 13
312 13
313 13
314 13
315 12
316 12
317 12
318 12
319 11
320 11
321 11
322 11
323 11
324 11
325 9
326 9
327 8
328 7
329 7
330 7
331 7
332 7
333 7
334 7
335 7
336 7
337 7
338 7
339 7
340 7
341 7
342 7
343 7
344 7
345 7
346 7
347 7
348 7
349 6
350 6
351 6
352 6
353 6
354 6
355 6
356 6
357 6
358 6
359 6
360 6
361 6
362 6
363 6
364 6
365 6
366 5
367 5
368 5
369 4
370 4
371 4
372 4
373 4
374 4
375 4
376 3
377 3
378 3
379 2
380 2
381 1
382 1
383 1
384 1
385 1
386 1
387 1
388 1
389 1
390 1
391 1
392 1
393 1
394 1
395 1
396 1
397 1
398 1
399 1
400 0
